-------------------------------------------------------------------------------
Test set: SeleniumTest
-------------------------------------------------------------------------------
Tests run: 1, Failures: 1, Errors: 0, Skipped: 0, Time elapsed: 0.008 sec <<< FAILURE!
SeleniumTest.testSelenium()  Time elapsed: 0.007 sec  <<< FAILURE!
java.lang.NullPointerException
	at SeleniumTest.testSelenium(SeleniumTest.java:41)

